2023-04-27 06:53:22,179 p=1801611 u=vagrant n=ansible | [WARNING]: Could not match supplied host pattern, ignoring: worker

2023-04-27 06:53:22,190 p=1801611 u=vagrant n=ansible | playbook: play/init.yaml
2023-04-27 06:53:23,640 p=1801619 u=vagrant n=ansible | [WARNING]: Could not match supplied host pattern, ignoring: worker

2023-04-27 06:53:23,647 p=1801619 u=vagrant n=ansible | playbook: play/init.yaml
2023-04-27 06:57:05,441 p=1802608 u=vagrant n=ansible | ERROR! Invalid role definition: None
2023-04-27 06:57:13,620 p=1802727 u=vagrant n=ansible | ERROR! the role 'init' was not found in /home/vagrant/learn/ansible/roles:/home/vagrant/.cache/ansible-compat/0cb87f/roles:/home/vagrant/.ansible/roles:/usr/share/ansible/roles:/etc/ansible/roles:/home/vagrant/learn/ansible

The error appears to be in '/home/vagrant/learn/ansible/main.yaml': line 4, column 7, but may
be elsewhere in the file depending on the exact syntax problem.

The offending line appears to be:

  roles:
    - init
      ^ here

2023-04-27 06:57:19,852 p=1802806 u=vagrant n=ansible | ERROR! the role 'init' was not found in /home/vagrant/learn/ansible/roles:/home/vagrant/.cache/ansible-compat/0cb87f/roles:/home/vagrant/.ansible/roles:/usr/share/ansible/roles:/etc/ansible/roles:/home/vagrant/learn/ansible

The error appears to be in '/home/vagrant/learn/ansible/main.yaml': line 4, column 7, but may
be elsewhere in the file depending on the exact syntax problem.

The offending line appears to be:

  roles:
    - init
      ^ here

2023-04-27 06:57:24,106 p=1802844 u=vagrant n=ansible | ERROR! the role 'init' was not found in /home/vagrant/learn/ansible/roles:/home/vagrant/.cache/ansible-compat/0cb87f/roles:/home/vagrant/.ansible/roles:/usr/share/ansible/roles:/etc/ansible/roles:/home/vagrant/learn/ansible

The error appears to be in '/home/vagrant/learn/ansible/main.yaml': line 4, column 7, but may
be elsewhere in the file depending on the exact syntax problem.

The offending line appears to be:

  roles:
    - init
      ^ here

2023-04-27 06:57:27,621 p=1802866 u=vagrant n=ansible | ERROR! the role 'init' was not found in /home/vagrant/learn/ansible/roles:/home/vagrant/.cache/ansible-compat/0cb87f/roles:/home/vagrant/.ansible/roles:/usr/share/ansible/roles:/etc/ansible/roles:/home/vagrant/learn/ansible

The error appears to be in '/home/vagrant/learn/ansible/main.yaml': line 4, column 7, but may
be elsewhere in the file depending on the exact syntax problem.

The offending line appears to be:

  roles:
    - init
      ^ here

2023-04-27 06:57:31,960 p=1802903 u=vagrant n=ansible | ERROR! the role 'init' was not found in /home/vagrant/learn/ansible/roles:/home/vagrant/.cache/ansible-compat/0cb87f/roles:/home/vagrant/.ansible/roles:/usr/share/ansible/roles:/etc/ansible/roles:/home/vagrant/learn/ansible

The error appears to be in '/home/vagrant/learn/ansible/main.yaml': line 4, column 7, but may
be elsewhere in the file depending on the exact syntax problem.

The offending line appears to be:

  roles:
    - init
      ^ here

2023-04-27 06:57:48,998 p=1803381 u=vagrant n=ansible | [WARNING]: Could not match supplied host pattern, ignoring: worker

2023-04-27 06:57:49,000 p=1803381 u=vagrant n=ansible | playbook: roles/init.yaml
2023-04-27 06:59:28,515 p=1804220 u=vagrant n=ansible | [WARNING]: Could not match supplied host pattern, ignoring: worker

2023-04-27 06:59:28,517 p=1804220 u=vagrant n=ansible | playbook: roles/init.yaml
2023-04-27 07:26:37,635 p=1808851 u=vagrant n=ansible | [WARNING]: Could not match supplied host pattern, ignoring: worker

2023-04-27 07:26:37,638 p=1808851 u=vagrant n=ansible | playbook: init.yaml
2023-04-27 07:27:07,773 p=1809227 u=vagrant n=ansible | [WARNING]: Could not match supplied host pattern, ignoring: worker

2023-04-27 07:27:07,780 p=1809227 u=vagrant n=ansible | playbook: init.yaml
2023-04-27 07:27:23,705 p=1809365 u=vagrant n=ansible | ERROR! No file specified for import_tasks
2023-04-27 07:27:58,676 p=1809984 u=vagrant n=ansible | ERROR! the playbook: init.yaml could not be found
2023-04-27 07:28:02,315 p=1810047 u=vagrant n=ansible | ERROR! the playbook: init.yaml could not be found
2023-04-27 07:28:22,111 p=1810466 u=vagrant n=ansible | ERROR! Unable to retrieve file contents
Could not find or access '/home/vagrant/learn/ansible/init' on the Ansible Controller.
If you are using a module and expect the file to exist on the remote, see the remote_src option
2023-04-27 07:28:24,532 p=1810476 u=vagrant n=ansible | ERROR! Unable to retrieve file contents
Could not find or access '/home/vagrant/learn/ansible/init' on the Ansible Controller.
If you are using a module and expect the file to exist on the remote, see the remote_src option
2023-04-27 07:40:04,974 p=1812726 u=vagrant n=ansible | [WARNING]: Could not match supplied host pattern, ignoring: worker

2023-04-27 07:40:04,977 p=1812726 u=vagrant n=ansible | playbook: demo.yaml
2023-04-27 07:40:53,404 p=1813382 u=vagrant n=ansible | ERROR! 'import_tasks' is not a valid attribute for a Play

The error appears to be in '/home/vagrant/learn/ansible/demo.yaml': line 2, column 3, but may
be elsewhere in the file depending on the exact syntax problem.

The offending line appears to be:

---
- name: Test
  ^ here

2023-04-27 07:41:08,857 p=1813465 u=vagrant n=ansible | ERROR! 'import_tasks' is not a valid attribute for a Play

The error appears to be in '/home/vagrant/learn/ansible/demo.yaml': line 2, column 3, but may
be elsewhere in the file depending on the exact syntax problem.

The offending line appears to be:

---
- name: Test
  ^ here

2023-04-27 07:41:15,393 p=1813545 u=vagrant n=ansible | ERROR! 'import_tasks' is not a valid attribute for a Play

The error appears to be in '/home/vagrant/learn/ansible/demo.yaml': line 2, column 3, but may
be elsewhere in the file depending on the exact syntax problem.

The offending line appears to be:

---
- name: Test
  ^ here

2023-04-27 07:41:16,332 p=1813551 u=vagrant n=ansible | ERROR! 'import_tasks' is not a valid attribute for a Play

The error appears to be in '/home/vagrant/learn/ansible/demo.yaml': line 2, column 3, but may
be elsewhere in the file depending on the exact syntax problem.

The offending line appears to be:

---
- name: Test
  ^ here

2023-04-27 07:41:18,448 p=1813574 u=vagrant n=ansible | ERROR! 'import_tasks' is not a valid attribute for a Play

The error appears to be in '/home/vagrant/learn/ansible/demo.yaml': line 2, column 3, but may
be elsewhere in the file depending on the exact syntax problem.

The offending line appears to be:

---
- name: Test
  ^ here

2023-04-27 07:41:20,569 p=1813642 u=vagrant n=ansible | ERROR! 'import_tasks' is not a valid attribute for a Play

The error appears to be in '/home/vagrant/learn/ansible/demo.yaml': line 2, column 3, but may
be elsewhere in the file depending on the exact syntax problem.

The offending line appears to be:

---
- name: Test
  ^ here

2023-04-27 07:41:21,867 p=1813691 u=vagrant n=ansible | ERROR! 'import_tasks' is not a valid attribute for a Play

The error appears to be in '/home/vagrant/learn/ansible/demo.yaml': line 2, column 3, but may
be elsewhere in the file depending on the exact syntax problem.

The offending line appears to be:

---
- name: Test
  ^ here

2023-04-27 07:41:26,345 p=1813735 u=vagrant n=ansible | ERROR! 'import_tasks' is not a valid attribute for a Play

The error appears to be in '/home/vagrant/learn/ansible/demo.yaml': line 2, column 3, but may
be elsewhere in the file depending on the exact syntax problem.

The offending line appears to be:

---
- name: Test
  ^ here

2023-04-27 07:41:56,065 p=1813903 u=vagrant n=ansible | ERROR! the playbook: demo could not be found
2023-04-27 07:42:02,398 p=1814038 u=vagrant n=ansible | ERROR! 'import_tasks' is not a valid attribute for a Play

The error appears to be in '/home/vagrant/learn/ansible/demo.yaml': line 2, column 3, but may
be elsewhere in the file depending on the exact syntax problem.

The offending line appears to be:

---
- name: Test
  ^ here

2023-04-27 07:42:54,969 p=1814528 u=vagrant n=ansible | ERROR! A malformed block was encountered while loading tasks: {'import_tasks': 'demo-task.yaml'} should be a list or None but is <class 'ansible.parsing.yaml.objects.AnsibleMapping'>

The error appears to be in '/home/vagrant/learn/ansible/demo.yaml': line 2, column 3, but may
be elsewhere in the file depending on the exact syntax problem.

The offending line appears to be:

---
- name: Test
  ^ here

2023-04-27 07:43:02,095 p=1814674 u=vagrant n=ansible | ERROR! A malformed block was encountered while loading tasks: {'import_tasks': 'demo-task.yaml'} should be a list or None but is <class 'ansible.parsing.yaml.objects.AnsibleMapping'>

The error appears to be in '/home/vagrant/learn/ansible/demo.yaml': line 2, column 3, but may
be elsewhere in the file depending on the exact syntax problem.

The offending line appears to be:

---
- name: Test
  ^ here

2023-04-27 07:43:02,748 p=1814680 u=vagrant n=ansible | ERROR! A malformed block was encountered while loading tasks: {'import_tasks': 'demo-task.yaml'} should be a list or None but is <class 'ansible.parsing.yaml.objects.AnsibleMapping'>

The error appears to be in '/home/vagrant/learn/ansible/demo.yaml': line 2, column 3, but may
be elsewhere in the file depending on the exact syntax problem.

The offending line appears to be:

---
- name: Test
  ^ here

2023-04-27 07:43:25,398 p=1814826 u=vagrant n=ansible | [WARNING]: Could not match supplied host pattern, ignoring: worker

2023-04-27 07:43:25,400 p=1814826 u=vagrant n=ansible | playbook: demo.yaml
2023-04-27 07:43:29,498 p=1814844 u=vagrant n=ansible | PLAY [Test] *************************************************************************************
2023-04-27 07:43:29,662 p=1814844 u=vagrant n=ansible | TASK [Test] *************************************************************************************
2023-04-27 07:43:29,923 p=1814844 u=vagrant n=ansible | ok: [worker2] => {
    "msg": "172.23.198.65 worker2"
}
2023-04-27 07:43:29,958 p=1814844 u=vagrant n=ansible | ok: [worker1] => {
    "msg": "172.23.204.223 worker1"
}
2023-04-27 07:43:30,016 p=1814844 u=vagrant n=ansible | ok: [worker3] => {
    "msg": "172.23.206.56 worker3"
}
2023-04-27 07:43:30,276 p=1814844 u=vagrant n=ansible | PLAY RECAP **************************************************************************************
2023-04-27 07:43:30,277 p=1814844 u=vagrant n=ansible | worker1                    : ok=1    changed=0    unreachable=0    failed=0    skipped=0    rescued=0    ignored=0   
2023-04-27 07:43:30,278 p=1814844 u=vagrant n=ansible | worker2                    : ok=1    changed=0    unreachable=0    failed=0    skipped=0    rescued=0    ignored=0   
2023-04-27 07:43:30,279 p=1814844 u=vagrant n=ansible | worker3                    : ok=1    changed=0    unreachable=0    failed=0    skipped=0    rescued=0    ignored=0   
2023-04-27 07:44:03,999 p=1815259 u=vagrant n=ansible | [WARNING]: Could not match supplied host pattern, ignoring: worker

2023-04-27 07:44:04,001 p=1815259 u=vagrant n=ansible | playbook: demo.yaml
2023-04-27 07:44:10,372 p=1815302 u=vagrant n=ansible | [WARNING]: Could not match supplied host pattern, ignoring: worker

2023-04-27 07:44:10,378 p=1815302 u=vagrant n=ansible | playbook: demo.yaml
2023-04-27 07:44:11,872 p=1815315 u=vagrant n=ansible | [WARNING]: Could not match supplied host pattern, ignoring: worker

2023-04-27 07:44:11,875 p=1815315 u=vagrant n=ansible | playbook: demo.yaml
2023-04-27 07:44:16,239 p=1815357 u=vagrant n=ansible | [WARNING]: Could not match supplied host pattern, ignoring: worker

2023-04-27 07:44:16,242 p=1815357 u=vagrant n=ansible | playbook: demo.yaml
2023-04-27 07:45:43,990 p=1815844 u=vagrant n=ansible | [WARNING]: Could not match supplied host pattern, ignoring: worker

2023-04-27 07:45:43,993 p=1815844 u=vagrant n=ansible | playbook: demo.yaml
2023-04-27 07:45:54,619 p=1815953 u=vagrant n=ansible | [WARNING]: Could not match supplied host pattern, ignoring: worker

2023-04-27 07:45:54,623 p=1815953 u=vagrant n=ansible | playbook: demo.yaml
2023-04-27 07:45:55,933 p=1815961 u=vagrant n=ansible | [WARNING]: Could not match supplied host pattern, ignoring: worker

2023-04-27 07:45:55,936 p=1815961 u=vagrant n=ansible | playbook: demo.yaml
2023-04-27 07:46:11,947 p=1816088 u=vagrant n=ansible | [WARNING]: Could not match supplied host pattern, ignoring: worker

2023-04-27 07:46:11,950 p=1816088 u=vagrant n=ansible | playbook: demo.yaml
2023-04-27 07:54:17,533 p=1817843 u=vagrant n=ansible | [WARNING]: Could not match supplied host pattern, ignoring: worker

2023-04-27 07:54:17,535 p=1817843 u=vagrant n=ansible | playbook: demo.yaml
2023-04-27 07:54:22,642 p=1817890 u=vagrant n=ansible | [WARNING]: Could not match supplied host pattern, ignoring: worker

2023-04-27 07:54:22,649 p=1817890 u=vagrant n=ansible | playbook: demo.yaml
2023-04-27 07:54:26,363 p=1817907 u=vagrant n=ansible | [WARNING]: Could not match supplied host pattern, ignoring: worker

2023-04-27 07:54:26,367 p=1817907 u=vagrant n=ansible | playbook: demo.yaml
2023-04-27 07:54:35,144 p=1818055 u=vagrant n=ansible | [WARNING]: Could not match supplied host pattern, ignoring: worker

2023-04-27 07:54:35,148 p=1818055 u=vagrant n=ansible | playbook: demo.yaml
2023-04-27 07:54:40,437 p=1818089 u=vagrant n=ansible | [WARNING]: Could not match supplied host pattern, ignoring: worker

2023-04-27 07:54:40,440 p=1818089 u=vagrant n=ansible | playbook: demo.yaml
2023-04-27 07:54:50,042 p=1818188 u=vagrant n=ansible | [WARNING]: Could not match supplied host pattern, ignoring: worker

2023-04-27 07:54:50,044 p=1818188 u=vagrant n=ansible | playbook: demo.yaml
2023-04-27 07:55:02,497 p=1818288 u=vagrant n=ansible | [WARNING]: Could not match supplied host pattern, ignoring: worker

2023-04-27 07:55:02,500 p=1818288 u=vagrant n=ansible | playbook: demo.yaml
2023-04-27 07:57:07,848 p=1818902 u=vagrant n=ansible | [WARNING]: Could not match supplied host pattern, ignoring: worker

2023-04-27 07:57:07,854 p=1818902 u=vagrant n=ansible | playbook: demo.yaml
2023-04-27 07:57:20,474 p=1819030 u=vagrant n=ansible | [WARNING]: Could not match supplied host pattern, ignoring: worker

2023-04-27 07:57:20,485 p=1819030 u=vagrant n=ansible | playbook: demo.yaml
2023-04-27 07:57:23,213 p=1819056 u=vagrant n=ansible | [WARNING]: Could not match supplied host pattern, ignoring: worker

2023-04-27 07:57:23,217 p=1819056 u=vagrant n=ansible | playbook: demo.yaml
2023-04-27 07:57:26,708 p=1819075 u=vagrant n=ansible | [WARNING]: Could not match supplied host pattern, ignoring: worker

2023-04-27 07:57:26,710 p=1819075 u=vagrant n=ansible | playbook: demo.yaml
2023-04-27 07:57:27,721 p=1819085 u=vagrant n=ansible | [WARNING]: Could not match supplied host pattern, ignoring: worker

2023-04-27 07:57:27,734 p=1819085 u=vagrant n=ansible | playbook: demo.yaml
2023-04-27 07:57:28,677 p=1819102 u=vagrant n=ansible | [WARNING]: Could not match supplied host pattern, ignoring: worker

2023-04-27 07:57:28,679 p=1819102 u=vagrant n=ansible | playbook: demo.yaml
2023-04-27 07:57:37,552 p=1819207 u=vagrant n=ansible | [WARNING]: Could not match supplied host pattern, ignoring: worker

2023-04-27 07:57:37,554 p=1819207 u=vagrant n=ansible | playbook: demo.yaml
2023-04-27 07:57:51,861 p=1819316 u=vagrant n=ansible | [WARNING]: Could not match supplied host pattern, ignoring: worker

2023-04-27 07:57:51,865 p=1819316 u=vagrant n=ansible | playbook: demo.yaml
2023-04-27 08:00:59,732 p=1819983 u=vagrant n=ansible | [WARNING]: Could not match supplied host pattern, ignoring: worker

2023-04-27 08:00:59,734 p=1819983 u=vagrant n=ansible | playbook: demo.yaml
2023-04-27 08:10:07,928 p=1821509 u=vagrant n=ansible | [WARNING]: Could not match supplied host pattern, ignoring: worker

2023-04-27 08:10:07,930 p=1821509 u=vagrant n=ansible | playbook: demo.yaml
2023-04-27 08:10:25,166 p=1821699 u=vagrant n=ansible | [WARNING]: Could not match supplied host pattern, ignoring: worker

2023-04-27 08:10:25,169 p=1821699 u=vagrant n=ansible | playbook: demo.yaml
2023-04-27 08:10:57,841 p=1821949 u=vagrant n=ansible | [WARNING]: Could not match supplied host pattern, ignoring: worker

2023-04-27 08:10:57,843 p=1821949 u=vagrant n=ansible | playbook: demo.yaml
2023-04-27 08:11:37,718 p=1822202 u=vagrant n=ansible | [WARNING]: Could not match supplied host pattern, ignoring: worker

2023-04-27 08:11:37,721 p=1822202 u=vagrant n=ansible | playbook: demo.yaml
2023-04-27 08:11:38,074 p=1822103 u=vagrant n=ansiblelint | Listing 1 violation(s) that are fatal
2023-04-27 08:13:08,597 p=1822555 u=vagrant n=ansible | [WARNING]: Could not match supplied host pattern, ignoring: worker

2023-04-27 08:13:08,599 p=1822555 u=vagrant n=ansible | playbook: demo.yaml
2023-04-27 08:13:50,242 p=1823241 u=vagrant n=ansible | [WARNING]: Could not match supplied host pattern, ignoring: worker

2023-04-27 08:13:50,243 p=1823241 u=vagrant n=ansible | playbook: demo.yaml
2023-04-27 08:20:10,724 p=1824466 u=vagrant n=ansible | [WARNING]: Could not match supplied host pattern, ignoring: worker

2023-04-27 08:20:10,728 p=1824466 u=vagrant n=ansible | playbook: demo.yaml
2023-04-27 08:20:14,574 p=1824483 u=vagrant n=ansible | [WARNING]: Could not match supplied host pattern, ignoring: worker

2023-04-27 08:20:14,576 p=1824483 u=vagrant n=ansible | playbook: demo.yaml
2023-04-27 08:37:25,547 p=1827590 u=vagrant n=ansible | [WARNING]: Could not match supplied host pattern, ignoring: worker

2023-04-27 08:37:25,550 p=1827590 u=vagrant n=ansible | playbook: demo.yaml
2023-04-27 09:04:12,892 p=1831689 u=vagrant n=ansible | [WARNING]: Could not match supplied host pattern, ignoring: worker

2023-04-27 09:04:12,894 p=1831689 u=vagrant n=ansible | playbook: demo.yaml
2023-04-27 09:05:02,317 p=1832530 u=vagrant n=ansible | [WARNING]: Could not match supplied host pattern, ignoring: worker

2023-04-27 09:05:02,319 p=1832530 u=vagrant n=ansible | playbook: demo.yaml
2023-04-27 09:05:53,124 p=1832909 u=vagrant n=ansible | ERROR! A malformed block was encountered while loading a block. The ds ([{'import_tasks': 'demo-task.yaml'}, 'name']) should be a dict but was a <class 'list'>
2023-04-27 09:06:19,190 p=1833313 u=vagrant n=ansible | [WARNING]: Could not match supplied host pattern, ignoring: worker

2023-04-27 09:06:19,200 p=1833313 u=vagrant n=ansible | playbook: demo.yaml
2023-04-27 09:06:22,600 p=1833324 u=vagrant n=ansible | [WARNING]: Could not match supplied host pattern, ignoring: worker

2023-04-27 09:06:22,603 p=1833324 u=vagrant n=ansible | playbook: demo.yaml
2023-04-27 09:06:26,935 p=1833363 u=vagrant n=ansible | [WARNING]: Could not match supplied host pattern, ignoring: worker

2023-04-27 09:06:26,942 p=1833363 u=vagrant n=ansible | playbook: demo.yaml
2023-04-27 09:06:28,994 p=1833383 u=vagrant n=ansible | [WARNING]: Could not match supplied host pattern, ignoring: worker

2023-04-27 09:06:28,998 p=1833383 u=vagrant n=ansible | playbook: demo.yaml
2023-04-27 09:06:32,010 p=1833429 u=vagrant n=ansible | [WARNING]: Could not match supplied host pattern, ignoring: worker

2023-04-27 09:06:32,013 p=1833429 u=vagrant n=ansible | playbook: demo.yaml
2023-04-27 09:06:32,900 p=1833436 u=vagrant n=ansible | [WARNING]: Could not match supplied host pattern, ignoring: worker

2023-04-27 09:06:32,902 p=1833436 u=vagrant n=ansible | playbook: demo.yaml
2023-04-27 09:06:48,850 p=1833558 u=vagrant n=ansible | [WARNING]: Could not match supplied host pattern, ignoring: worker

2023-04-27 09:06:48,852 p=1833558 u=vagrant n=ansible | playbook: demo.yaml
2023-04-27 09:07:43,964 p=1834516 u=vagrant n=ansible | ERROR! Unable to retrieve file contents
Could not find or access '/home/vagrant/learn/ansible/init' on the Ansible Controller.
If you are using a module and expect the file to exist on the remote, see the remote_src option
2023-04-27 09:07:44,081 p=1834510 u=vagrant n=ansible | [WARNING]: Could not match supplied host pattern, ignoring: worker

2023-04-27 09:07:44,101 p=1834510 u=vagrant n=ansible | playbook: git.yaml
2023-04-27 09:07:44,509 p=1834522 u=vagrant n=ansible | [WARNING]: Could not match supplied host pattern, ignoring: worker

2023-04-27 09:07:44,515 p=1834522 u=vagrant n=ansible | playbook: pyenv.yaml
2023-04-27 09:09:13,104 p=1835298 u=vagrant n=ansible | PLAY [Test] ****************************************************************************
2023-04-27 09:09:13,225 p=1835298 u=vagrant n=ansible | TASK [Test] ****************************************************************************
2023-04-27 09:09:13,385 p=1835298 u=vagrant n=ansible | ok: [worker1] => {
    "msg": "172.23.204.223 worker1"
}
2023-04-27 09:09:13,458 p=1835298 u=vagrant n=ansible | ok: [worker2] => {
    "msg": "172.23.198.65 worker2"
}
2023-04-27 09:09:13,496 p=1835298 u=vagrant n=ansible | ok: [worker3] => {
    "msg": "172.23.206.56 worker3"
}
2023-04-27 09:09:13,522 p=1835298 u=vagrant n=ansible | TASK [aha] *****************************************************************************
2023-04-27 09:09:13,688 p=1835298 u=vagrant n=ansible | ok: [worker1] => {
    "msg": "hello world"
}
2023-04-27 09:09:13,791 p=1835298 u=vagrant n=ansible | ok: [worker2] => {
    "msg": "hello world"
}
2023-04-27 09:09:13,857 p=1835298 u=vagrant n=ansible | ok: [worker3] => {
    "msg": "hello world"
}
2023-04-27 09:09:14,047 p=1835298 u=vagrant n=ansible | PLAY RECAP *****************************************************************************
2023-04-27 09:09:14,049 p=1835298 u=vagrant n=ansible | worker1                    : ok=2    changed=0    unreachable=0    failed=0    skipped=0    rescued=0    ignored=0   
2023-04-27 09:09:14,049 p=1835298 u=vagrant n=ansible | worker2                    : ok=2    changed=0    unreachable=0    failed=0    skipped=0    rescued=0    ignored=0   
2023-04-27 09:09:14,050 p=1835298 u=vagrant n=ansible | worker3                    : ok=2    changed=0    unreachable=0    failed=0    skipped=0    rescued=0    ignored=0   
2023-04-27 09:34:36,809 p=1840625 u=vagrant n=ansible | [WARNING]: Could not match supplied host pattern, ignoring: worker

2023-04-27 09:34:36,811 p=1840625 u=vagrant n=ansible | playbook: demo.yaml
2023-04-27 09:36:14,658 p=1841517 u=vagrant n=ansible | [WARNING]: Could not match supplied host pattern, ignoring: worker

2023-04-27 09:36:14,660 p=1841517 u=vagrant n=ansible | playbook: demo.yaml
2023-04-27 09:47:48,426 p=1843512 u=vagrant n=ansible | [WARNING]: Could not match supplied host pattern, ignoring: worker

2023-04-27 09:47:48,429 p=1843512 u=vagrant n=ansible | playbook: demo.yaml
2023-04-27 09:47:51,578 p=1843540 u=vagrant n=ansible | [WARNING]: Could not match supplied host pattern, ignoring: worker

2023-04-27 09:47:51,585 p=1843540 u=vagrant n=ansible | playbook: demo.yaml
2023-04-27 09:49:29,054 p=1843952 u=vagrant n=ansible | [WARNING]: Could not match supplied host pattern, ignoring: worker

2023-04-27 09:49:29,062 p=1843952 u=vagrant n=ansible | playbook: demo.yaml
2023-04-27 09:49:31,921 p=1843988 u=vagrant n=ansible | [WARNING]: Could not match supplied host pattern, ignoring: worker

2023-04-27 09:49:31,927 p=1843988 u=vagrant n=ansible | playbook: demo.yaml
2023-04-27 09:49:42,328 p=1844113 u=vagrant n=ansible | [WARNING]: Could not match supplied host pattern, ignoring: worker

2023-04-27 09:49:42,337 p=1844113 u=vagrant n=ansible | playbook: demo.yaml
2023-04-27 09:49:58,834 p=1844301 u=vagrant n=ansible | [WARNING]: Could not match supplied host pattern, ignoring: worker

2023-04-27 09:49:58,837 p=1844301 u=vagrant n=ansible | playbook: demo.yaml
2023-04-27 09:50:05,389 p=1844336 u=vagrant n=ansible | PLAY [Test] ****************************************************************************
2023-04-27 09:50:06,076 p=1844403 u=vagrant n=ansible | [WARNING]: Could not match supplied host pattern, ignoring: worker

2023-04-27 09:50:06,079 p=1844403 u=vagrant n=ansible | playbook: demo.yaml
2023-04-27 09:50:06,321 p=1844336 u=vagrant n=ansible | TASK [include_tasks] *******************************************************************
2023-04-27 09:50:07,557 p=1844336 u=vagrant n=ansible | included: /home/vagrant/learn/ansible/demo-task.yaml for worker1, worker2, worker3 => (item=ONE)
2023-04-27 09:50:07,584 p=1844336 u=vagrant n=ansible | included: /home/vagrant/learn/ansible/demo-task.yaml for worker1, worker2, worker3 => (item=TWO)
2023-04-27 09:50:07,697 p=1844336 u=vagrant n=ansible | TASK [Test] ****************************************************************************
2023-04-27 09:50:08,214 p=1844336 u=vagrant n=ansible | ok: [worker1] => {
    "msg": "ONE"
}
2023-04-27 09:50:08,514 p=1844336 u=vagrant n=ansible | ok: [worker2] => {
    "msg": "ONE"
}
2023-04-27 09:50:08,677 p=1844336 u=vagrant n=ansible | ok: [worker3] => {
    "msg": "ONE"
}
2023-04-27 09:50:08,741 p=1844336 u=vagrant n=ansible | TASK [Test] ****************************************************************************
2023-04-27 09:50:09,303 p=1844336 u=vagrant n=ansible | ok: [worker1] => {
    "msg": "TWO"
}
2023-04-27 09:50:09,360 p=1844336 u=vagrant n=ansible | ok: [worker2] => {
    "msg": "TWO"
}
2023-04-27 09:50:09,607 p=1844336 u=vagrant n=ansible | ok: [worker3] => {
    "msg": "TWO"
}
2023-04-27 09:50:10,433 p=1844336 u=vagrant n=ansible | PLAY RECAP *****************************************************************************
2023-04-27 09:50:10,434 p=1844336 u=vagrant n=ansible | worker1                    : ok=4    changed=0    unreachable=0    failed=0    skipped=0    rescued=0    ignored=0   
2023-04-27 09:50:10,436 p=1844336 u=vagrant n=ansible | worker2                    : ok=4    changed=0    unreachable=0    failed=0    skipped=0    rescued=0    ignored=0   
2023-04-27 09:50:10,437 p=1844336 u=vagrant n=ansible | worker3                    : ok=4    changed=0    unreachable=0    failed=0    skipped=0    rescued=0    ignored=0   
2023-04-27 09:50:13,681 p=1844455 u=vagrant n=ansible | [WARNING]: Could not match supplied host pattern, ignoring: worker

2023-04-27 09:50:13,683 p=1844455 u=vagrant n=ansible | playbook: demo.yaml
2023-04-27 09:50:16,080 p=1844653 u=vagrant n=ansible | [WARNING]: Could not match supplied host pattern, ignoring: worker

2023-04-27 09:50:16,081 p=1844653 u=vagrant n=ansible | playbook: demo.yaml
2023-04-27 09:50:52,448 p=1845254 u=vagrant n=ansible | ERROR! You cannot use loops on 'import_tasks' statements. You should use 'include_tasks' instead.

The error appears to be in '/home/vagrant/learn/ansible/demo.yaml': line 6, column 7, but may
be elsewhere in the file depending on the exact syntax problem.

The offending line appears to be:

  tasks:
    - import_tasks: demo-task.yaml
      ^ here

2023-04-27 09:50:54,672 p=1845338 u=vagrant n=ansible | ERROR! You cannot use loops on 'import_tasks' statements. You should use 'include_tasks' instead.

The error appears to be in '/home/vagrant/learn/ansible/demo.yaml': line 6, column 7, but may
be elsewhere in the file depending on the exact syntax problem.

The offending line appears to be:

  tasks:
    - import_tasks: demo-task.yaml
      ^ here

2023-04-27 09:50:56,729 p=1845381 u=vagrant n=ansible | ERROR! You cannot use loops on 'import_tasks' statements. You should use 'include_tasks' instead.

The error appears to be in '/home/vagrant/learn/ansible/demo.yaml': line 6, column 7, but may
be elsewhere in the file depending on the exact syntax problem.

The offending line appears to be:

  tasks:
    - import_tasks: demo-task.yaml
      ^ here

2023-04-27 09:50:57,663 p=1845411 u=vagrant n=ansible | ERROR! You cannot use loops on 'import_tasks' statements. You should use 'include_tasks' instead.

The error appears to be in '/home/vagrant/learn/ansible/demo.yaml': line 6, column 7, but may
be elsewhere in the file depending on the exact syntax problem.

The offending line appears to be:

  tasks:
    - import_tasks: demo-task.yaml
      ^ here

2023-04-27 09:51:48,446 p=1845627 u=vagrant n=ansible | [WARNING]: Could not match supplied host pattern, ignoring: worker

2023-04-27 09:51:48,448 p=1845627 u=vagrant n=ansible | playbook: demo.yaml
2023-04-27 09:52:31,660 p=1845901 u=vagrant n=ansible | [WARNING]: Could not match supplied host pattern, ignoring: worker

2023-04-27 09:52:31,663 p=1845901 u=vagrant n=ansible | playbook: demo.yaml
2023-04-27 09:52:33,826 p=1845921 u=vagrant n=ansible | [WARNING]: Could not match supplied host pattern, ignoring: worker

2023-04-27 09:52:33,829 p=1845921 u=vagrant n=ansible | playbook: demo.yaml
2023-04-27 09:52:42,222 p=1846028 u=vagrant n=ansible | [WARNING]: Could not match supplied host pattern, ignoring: worker

2023-04-27 09:52:42,225 p=1846028 u=vagrant n=ansible | playbook: demo.yaml
2023-04-27 09:52:44,518 p=1846046 u=vagrant n=ansible | [WARNING]: Could not match supplied host pattern, ignoring: worker

2023-04-27 09:52:44,519 p=1846046 u=vagrant n=ansible | playbook: demo.yaml
2023-04-27 09:52:56,645 p=1846147 u=vagrant n=ansible | [WARNING]: Could not match supplied host pattern, ignoring: worker

2023-04-27 09:52:56,649 p=1846147 u=vagrant n=ansible | playbook: demo.yaml
2023-04-27 09:54:42,568 p=1846590 u=vagrant n=ansible | [WARNING]: Could not match supplied host pattern, ignoring: worker

2023-04-27 09:54:42,570 p=1846590 u=vagrant n=ansible | playbook: demo.yaml
2023-04-27 09:54:44,553 p=1846600 u=vagrant n=ansible | [WARNING]: Could not match supplied host pattern, ignoring: worker

2023-04-27 09:54:44,556 p=1846600 u=vagrant n=ansible | playbook: demo.yaml
2023-04-27 09:54:46,915 p=1846620 u=vagrant n=ansible | [WARNING]: Could not match supplied host pattern, ignoring: worker

2023-04-27 09:54:46,917 p=1846620 u=vagrant n=ansible | playbook: demo.yaml
2023-04-27 09:57:31,896 p=1847508 u=vagrant n=ansible | [WARNING]: Could not match supplied host pattern, ignoring: worker

2023-04-27 09:57:31,898 p=1847508 u=vagrant n=ansible | playbook: demo.yaml
2023-04-27 09:57:33,063 p=1847516 u=vagrant n=ansible | [WARNING]: Could not match supplied host pattern, ignoring: worker

2023-04-27 09:57:33,065 p=1847516 u=vagrant n=ansible | playbook: demo.yaml
2023-04-27 09:58:37,497 p=1847804 u=vagrant n=ansible | [WARNING]: Could not match supplied host pattern, ignoring: worker

2023-04-27 09:58:37,500 p=1847804 u=vagrant n=ansible | playbook: demo.yaml
2023-04-27 09:58:47,220 p=1847948 u=vagrant n=ansible | [WARNING]: Could not match supplied host pattern, ignoring: worker

2023-04-27 09:58:47,223 p=1847948 u=vagrant n=ansible | playbook: demo.yaml
2023-04-27 09:58:52,407 p=1847993 u=vagrant n=ansible | [WARNING]: Could not match supplied host pattern, ignoring: worker

2023-04-27 09:58:52,409 p=1847993 u=vagrant n=ansible | playbook: demo.yaml
2023-04-27 09:58:53,240 p=1848001 u=vagrant n=ansible | [WARNING]: Could not match supplied host pattern, ignoring: worker

2023-04-27 09:58:53,242 p=1848001 u=vagrant n=ansible | playbook: demo.yaml
2023-04-27 09:59:04,996 p=1848098 u=vagrant n=ansible | [WARNING]: Could not match supplied host pattern, ignoring: worker

2023-04-27 09:59:04,997 p=1848098 u=vagrant n=ansible | playbook: demo.yaml
2023-04-27 10:01:09,622 p=1848700 u=vagrant n=ansible | [WARNING]: Could not match supplied host pattern, ignoring: worker

2023-04-27 10:01:09,624 p=1848700 u=vagrant n=ansible | playbook: demo.yaml
2023-04-27 10:01:10,023 p=1848593 u=vagrant n=ansiblelint | Listing 1 violation(s) that are fatal
2023-04-27 10:03:43,252 p=1849806 u=vagrant n=ansible | [WARNING]: Could not match supplied host pattern, ignoring: worker

2023-04-27 10:03:43,255 p=1849806 u=vagrant n=ansible | playbook: demo.yaml
2023-04-27 10:04:12,190 p=1850052 u=vagrant n=ansible | [WARNING]: Could not match supplied host pattern, ignoring: worker

2023-04-27 10:04:12,197 p=1850052 u=vagrant n=ansible | playbook: demo.yaml
2023-04-27 10:04:15,102 p=1850072 u=vagrant n=ansible | [WARNING]: Could not match supplied host pattern, ignoring: worker

2023-04-27 10:04:15,104 p=1850072 u=vagrant n=ansible | playbook: demo.yaml
2023-04-27 10:04:15,924 p=1850086 u=vagrant n=ansible | [WARNING]: Could not match supplied host pattern, ignoring: worker

2023-04-27 10:04:15,926 p=1850086 u=vagrant n=ansible | playbook: demo.yaml
2023-04-27 10:05:07,026 p=1850311 u=vagrant n=ansible | [WARNING]: Could not match supplied host pattern, ignoring: worker

2023-04-27 10:05:07,028 p=1850311 u=vagrant n=ansible | playbook: demo.yaml
2023-04-27 10:05:16,793 p=1850391 u=vagrant n=ansible | PLAY [Test] ****************************************************************************
2023-04-27 10:05:17,040 p=1850391 u=vagrant n=ansible | TASK [include_tasks] *******************************************************************
2023-04-27 10:05:17,484 p=1850391 u=vagrant n=ansible | included: /home/vagrant/learn/ansible/demo-task.yaml for worker1, worker2, worker3 => (item=ONE)
2023-04-27 10:05:17,493 p=1850391 u=vagrant n=ansible | included: /home/vagrant/learn/ansible/demo-task.yaml for worker1, worker2, worker3 => (item=TWO)
2023-04-27 10:05:17,515 p=1850391 u=vagrant n=ansible | TASK [Test] ****************************************************************************
2023-04-27 10:05:17,713 p=1850391 u=vagrant n=ansible | ok: [worker1] => {
    "msg": "ONE"
}
2023-04-27 10:05:17,746 p=1850391 u=vagrant n=ansible | ok: [worker2] => {
    "msg": "ONE"
}
2023-04-27 10:05:17,810 p=1850391 u=vagrant n=ansible | ok: [worker3] => {
    "msg": "ONE"
}
2023-04-27 10:05:17,830 p=1850391 u=vagrant n=ansible | TASK [Test] ****************************************************************************
2023-04-27 10:05:18,062 p=1850391 u=vagrant n=ansible | ok: [worker1] => {
    "msg": "TWO"
}
2023-04-27 10:05:18,249 p=1850391 u=vagrant n=ansible | ok: [worker3] => {
    "msg": "TWO"
}
2023-04-27 10:05:18,279 p=1850391 u=vagrant n=ansible | ok: [worker2] => {
    "msg": "TWO"
}
2023-04-27 10:05:18,521 p=1850391 u=vagrant n=ansible | PLAY RECAP *****************************************************************************
2023-04-27 10:05:18,522 p=1850391 u=vagrant n=ansible | worker1                    : ok=4    changed=0    unreachable=0    failed=0    skipped=0    rescued=0    ignored=0   
2023-04-27 10:05:18,523 p=1850391 u=vagrant n=ansible | worker2                    : ok=4    changed=0    unreachable=0    failed=0    skipped=0    rescued=0    ignored=0   
2023-04-27 10:05:18,524 p=1850391 u=vagrant n=ansible | worker3                    : ok=4    changed=0    unreachable=0    failed=0    skipped=0    rescued=0    ignored=0   
2023-04-27 10:06:23,000 p=1850872 u=vagrant n=ansible | ERROR! No file specified for include_tasks
2023-04-27 10:06:34,532 p=1851032 u=vagrant n=ansible | ERROR! No file specified for include_tasks
2023-04-27 10:06:39,690 p=1851059 u=vagrant n=ansible | ERROR! No file specified for include_tasks
2023-04-27 10:06:42,669 p=1851080 u=vagrant n=ansible | ERROR! No file specified for include_tasks
2023-04-27 10:06:44,669 p=1851104 u=vagrant n=ansible | ERROR! No file specified for include_tasks
2023-04-27 10:06:57,196 p=1851394 u=vagrant n=ansible | PLAY [Test] ****************************************************************************
2023-04-27 10:06:57,795 p=1851394 u=vagrant n=ansible | TASK [include_tasks] *******************************************************************
2023-04-27 10:06:58,596 p=1851394 u=vagrant n=ansible | included: /home/vagrant/learn/ansible/demo-task.yaml for worker1, worker2, worker3 => (item=demo-task.yaml)
2023-04-27 10:06:58,674 p=1851394 u=vagrant n=ansible | TASK [Test] ****************************************************************************
2023-04-27 10:06:59,204 p=1851394 u=vagrant n=ansible | ok: [worker1] => {
    "msg": "worker1"
}
2023-04-27 10:06:59,324 p=1851394 u=vagrant n=ansible | ok: [worker2] => {
    "msg": "worker2"
}
2023-04-27 10:06:59,410 p=1851394 u=vagrant n=ansible | ok: [worker3] => {
    "msg": "worker3"
}
2023-04-27 10:06:59,864 p=1851394 u=vagrant n=ansible | PLAY RECAP *****************************************************************************
2023-04-27 10:06:59,866 p=1851394 u=vagrant n=ansible | worker1                    : ok=2    changed=0    unreachable=0    failed=0    skipped=0    rescued=0    ignored=0   
2023-04-27 10:06:59,868 p=1851394 u=vagrant n=ansible | worker2                    : ok=2    changed=0    unreachable=0    failed=0    skipped=0    rescued=0    ignored=0   
2023-04-27 10:06:59,870 p=1851394 u=vagrant n=ansible | worker3                    : ok=2    changed=0    unreachable=0    failed=0    skipped=0    rescued=0    ignored=0   
2023-04-27 10:07:04,320 p=1851557 u=vagrant n=ansible | [WARNING]: Could not match supplied host pattern, ignoring: worker

2023-04-27 10:07:04,322 p=1851557 u=vagrant n=ansible | playbook: demo.yaml
2023-04-27 10:07:08,814 p=1851597 u=vagrant n=ansible | [WARNING]: Could not match supplied host pattern, ignoring: worker

2023-04-27 10:07:08,818 p=1851597 u=vagrant n=ansible | playbook: demo.yaml
2023-04-27 10:09:35,563 p=1852551 u=vagrant n=ansible | [WARNING]: Could not match supplied host pattern, ignoring: worker

2023-04-27 10:09:35,565 p=1852551 u=vagrant n=ansible | playbook: demo.yaml
2023-04-27 10:09:36,642 p=1852565 u=vagrant n=ansible | [WARNING]: Could not match supplied host pattern, ignoring: worker

2023-04-27 10:09:36,646 p=1852565 u=vagrant n=ansible | playbook: demo.yaml
2023-04-27 10:25:11,341 p=1855627 u=vagrant n=ansible | [WARNING]: Could not match supplied host pattern, ignoring: worker

2023-04-27 10:25:11,343 p=1855627 u=vagrant n=ansible | playbook: demo.yaml
2023-04-27 10:26:44,861 p=1856030 u=vagrant n=ansible | ERROR! no module/action detected in task.

The error appears to be in '/home/vagrant/learn/ansible/demo.yaml': line 10, column 7, but may
be elsewhere in the file depending on the exact syntax problem.

The offending line appears to be:

        - demo-task.yaml
    - name: Add new line
      ^ here

2023-04-27 10:26:56,152 p=1856068 u=vagrant n=ansible | ERROR! We were unable to read either as JSON nor YAML, these are the errors we got from each:
JSON: Expecting value: line 1 column 1 (char 0)

Syntax Error while loading YAML.
  could not find expected ':'

The error appears to be in '/home/vagrant/learn/ansible/demo.yaml': line 12, column 1, but may
be elsewhere in the file depending on the exact syntax problem.

The offending line appears to be:

    - name: Add new line
      line
^ here

2023-04-27 10:27:49,722 p=1856517 u=vagrant n=ansible | [WARNING]: Could not match supplied host pattern, ignoring: worker

2023-04-27 10:27:49,728 p=1856517 u=vagrant n=ansible | playbook: demo.yaml
2023-04-27 10:27:59,151 p=1856706 u=vagrant n=ansible | [WARNING]: Could not match supplied host pattern, ignoring: worker

2023-04-27 10:27:59,154 p=1856706 u=vagrant n=ansible | playbook: demo.yaml
2023-04-27 10:28:07,326 p=1856869 u=vagrant n=ansible | [WARNING]: Could not match supplied host pattern, ignoring: worker

2023-04-27 10:28:07,328 p=1856869 u=vagrant n=ansible | playbook: demo.yaml
2023-04-27 10:28:27,792 p=1857104 u=vagrant n=ansible | [WARNING]: Could not match supplied host pattern, ignoring: worker

2023-04-27 10:28:27,804 p=1857104 u=vagrant n=ansible | playbook: demo.yaml
2023-04-27 10:28:29,147 p=1857119 u=vagrant n=ansible | [WARNING]: Could not match supplied host pattern, ignoring: worker

2023-04-27 10:28:29,151 p=1857119 u=vagrant n=ansible | playbook: demo.yaml
2023-04-27 10:28:31,984 p=1857132 u=vagrant n=ansible | [WARNING]: Could not match supplied host pattern, ignoring: worker

2023-04-27 10:28:31,987 p=1857132 u=vagrant n=ansible | playbook: demo.yaml
2023-04-27 10:28:33,645 p=1857149 u=vagrant n=ansible | [WARNING]: Could not match supplied host pattern, ignoring: worker

2023-04-27 10:28:33,647 p=1857149 u=vagrant n=ansible | playbook: demo.yaml
2023-04-27 10:28:36,816 p=1857183 u=vagrant n=ansible | [WARNING]: Could not match supplied host pattern, ignoring: worker

2023-04-27 10:28:36,818 p=1857183 u=vagrant n=ansible | playbook: demo.yaml
2023-04-27 10:29:59,415 p=1857849 u=vagrant n=ansible | ERROR! We were unable to read either as JSON nor YAML, these are the errors we got from each:
JSON: Expecting value: line 1 column 1 (char 0)

Syntax Error while loading YAML.
  could not find expected ':'

The error appears to be in '/home/vagrant/learn/ansible/demo.yaml': line 16, column 3, but may
be elsewhere in the file depending on the exact syntax problem.

The offending line appears to be:


  handlers:
  ^ here

2023-04-27 10:30:21,778 p=1858152 u=vagrant n=ansible | [WARNING]: Could not match supplied host pattern, ignoring: worker

2023-04-27 10:30:21,807 p=1858152 u=vagrant n=ansible | playbook: demo.yaml
2023-04-27 10:30:27,653 p=1858221 u=vagrant n=ansible | [WARNING]: Could not match supplied host pattern, ignoring: worker

2023-04-27 10:30:27,655 p=1858221 u=vagrant n=ansible | playbook: demo.yaml
2023-04-27 10:30:57,226 p=1858458 u=vagrant n=ansible | [WARNING]: Could not match supplied host pattern, ignoring: worker

2023-04-27 10:30:57,227 p=1858458 u=vagrant n=ansible | playbook: demo.yaml
2023-04-27 10:31:01,276 p=1858562 u=vagrant n=ansible | [WARNING]: Could not match supplied host pattern, ignoring: worker

2023-04-27 10:31:01,308 p=1858562 u=vagrant n=ansible | playbook: demo.yaml
2023-04-27 10:31:28,651 p=1858962 u=vagrant n=ansible | [WARNING]: Could not match supplied host pattern, ignoring: worker

2023-04-27 10:31:28,711 p=1858962 u=vagrant n=ansible | playbook: demo.yaml
2023-04-27 10:31:34,935 p=1858981 u=vagrant n=ansible | PLAY [Test] *********************************************************************************************************
2023-04-27 10:31:36,321 p=1858981 u=vagrant n=ansible | TASK [include_tasks] ************************************************************************************************
2023-04-27 10:31:38,496 p=1858981 u=vagrant n=ansible | included: /home/vagrant/learn/ansible/demo-task.yaml for worker1, worker2, worker3 => (item=demo-task.yaml)
2023-04-27 10:31:39,025 p=1858981 u=vagrant n=ansible | TASK [Test] *********************************************************************************************************
2023-04-27 10:31:40,073 p=1858981 u=vagrant n=ansible | ok: [worker1] => {
    "msg": "worker1"
}
2023-04-27 10:31:40,505 p=1858981 u=vagrant n=ansible | ok: [worker2] => {
    "msg": "worker2"
}
2023-04-27 10:31:40,892 p=1858981 u=vagrant n=ansible | ok: [worker3] => {
    "msg": "worker3"
}
2023-04-27 10:31:41,110 p=1858981 u=vagrant n=ansible | TASK [Add new line] *************************************************************************************************
2023-04-27 10:31:41,496 p=1859102 u=vagrant n=ansible | [WARNING]: Could not match supplied host pattern, ignoring: worker

2023-04-27 10:31:41,529 p=1859102 u=vagrant n=ansible | playbook: demo.yaml
2023-04-27 10:31:43,011 p=1859116 u=vagrant n=ansible | [WARNING]: Could not match supplied host pattern, ignoring: worker

2023-04-27 10:31:43,043 p=1859116 u=vagrant n=ansible | playbook: demo.yaml
2023-04-27 10:31:48,724 p=1859143 u=vagrant n=ansible | [WARNING]: Could not match supplied host pattern, ignoring: worker

2023-04-27 10:31:48,726 p=1859143 u=vagrant n=ansible | playbook: demo.yaml
2023-04-27 10:31:58,746 p=1858981 u=vagrant n=ansible | fatal: [worker2]: FAILED! => {"ansible_facts": {"discovered_interpreter_python": "/usr/bin/python3"}, "changed": false, "msg": "Unsupported parameters for (lineinfile) module: notify. Supported parameters include: attributes, backrefs, backup, create, firstmatch, group, insertafter, insertbefore, line, mode, owner, path, regexp, search_string, selevel, serole, setype, seuser, state, unsafe_writes, validate (attr, dest, destfile, name, regex, value)."}
2023-04-27 10:31:59,087 p=1858981 u=vagrant n=ansible | fatal: [worker1]: FAILED! => {"ansible_facts": {"discovered_interpreter_python": "/usr/bin/python3"}, "changed": false, "msg": "Unsupported parameters for (lineinfile) module: notify. Supported parameters include: attributes, backrefs, backup, create, firstmatch, group, insertafter, insertbefore, line, mode, owner, path, regexp, search_string, selevel, serole, setype, seuser, state, unsafe_writes, validate (attr, dest, destfile, name, regex, value)."}
2023-04-27 10:31:59,230 p=1858981 u=vagrant n=ansible | fatal: [worker3]: FAILED! => {"ansible_facts": {"discovered_interpreter_python": "/usr/bin/python3"}, "changed": false, "msg": "Unsupported parameters for (lineinfile) module: notify. Supported parameters include: attributes, backrefs, backup, create, firstmatch, group, insertafter, insertbefore, line, mode, owner, path, regexp, search_string, selevel, serole, setype, seuser, state, unsafe_writes, validate (attr, dest, destfile, name, regex, value)."}
2023-04-27 10:31:59,255 p=1858981 u=vagrant n=ansible | PLAY RECAP **********************************************************************************************************
2023-04-27 10:31:59,257 p=1858981 u=vagrant n=ansible | worker1                    : ok=2    changed=0    unreachable=0    failed=1    skipped=0    rescued=0    ignored=0   
2023-04-27 10:31:59,257 p=1858981 u=vagrant n=ansible | worker2                    : ok=2    changed=0    unreachable=0    failed=1    skipped=0    rescued=0    ignored=0   
2023-04-27 10:31:59,258 p=1858981 u=vagrant n=ansible | worker3                    : ok=2    changed=0    unreachable=0    failed=1    skipped=0    rescued=0    ignored=0   
2023-04-27 10:32:00,141 p=1859189 u=vagrant n=ansible | [WARNING]: Could not match supplied host pattern, ignoring: worker

2023-04-27 10:32:00,143 p=1859189 u=vagrant n=ansible | playbook: demo.yaml
2023-04-27 10:32:04,312 p=1859226 u=vagrant n=ansible | [WARNING]: Could not match supplied host pattern, ignoring: worker

2023-04-27 10:32:04,318 p=1859226 u=vagrant n=ansible | playbook: demo.yaml
2023-04-27 10:32:18,476 p=1859457 u=vagrant n=ansible | [WARNING]: Could not match supplied host pattern, ignoring: worker

2023-04-27 10:32:18,478 p=1859457 u=vagrant n=ansible | playbook: demo.yaml
2023-04-27 10:32:19,548 p=1859472 u=vagrant n=ansible | [WARNING]: Could not match supplied host pattern, ignoring: worker

2023-04-27 10:32:19,584 p=1859472 u=vagrant n=ansible | playbook: demo.yaml
2023-04-27 10:32:21,232 p=1859503 u=vagrant n=ansible | [WARNING]: Could not match supplied host pattern, ignoring: worker

2023-04-27 10:32:21,252 p=1859503 u=vagrant n=ansible | playbook: demo.yaml
2023-04-27 10:32:22,738 p=1859528 u=vagrant n=ansible | [WARNING]: Could not match supplied host pattern, ignoring: worker

2023-04-27 10:32:22,757 p=1859528 u=vagrant n=ansible | playbook: demo.yaml
2023-04-27 10:32:30,230 p=1859595 u=vagrant n=ansible | [WARNING]: Could not match supplied host pattern, ignoring: worker

2023-04-27 10:32:30,243 p=1859595 u=vagrant n=ansible | playbook: demo.yaml
2023-04-27 10:32:32,096 p=1859674 u=vagrant n=ansible | [WARNING]: Could not match supplied host pattern, ignoring: worker

2023-04-27 10:32:32,100 p=1859674 u=vagrant n=ansible | playbook: demo.yaml
2023-04-27 10:32:32,212 p=1859654 u=vagrant n=ansible | [WARNING]: Could not match supplied host pattern, ignoring: worker

2023-04-27 10:32:32,227 p=1859654 u=vagrant n=ansible | playbook: demo.yaml
2023-04-27 10:32:34,228 p=1859745 u=vagrant n=ansible | [WARNING]: Could not match supplied host pattern, ignoring: worker

2023-04-27 10:32:34,230 p=1859745 u=vagrant n=ansible | playbook: demo.yaml
2023-04-27 10:32:34,946 p=1859793 u=vagrant n=ansible | [WARNING]: Could not match supplied host pattern, ignoring: worker

2023-04-27 10:32:34,963 p=1859793 u=vagrant n=ansible | playbook: demo.yaml
2023-04-27 10:32:37,315 p=1859855 u=vagrant n=ansible | PLAY [Test] *********************************************************************************************************
2023-04-27 10:32:37,960 p=1859855 u=vagrant n=ansible | TASK [include_tasks] ************************************************************************************************
2023-04-27 10:32:38,935 p=1859855 u=vagrant n=ansible | included: /home/vagrant/learn/ansible/demo-task.yaml for worker1, worker2, worker3 => (item=demo-task.yaml)
2023-04-27 10:32:39,097 p=1859855 u=vagrant n=ansible | TASK [Test] *********************************************************************************************************
2023-04-27 10:32:39,613 p=1859855 u=vagrant n=ansible | ok: [worker1] => {
    "msg": "worker1"
}
2023-04-27 10:32:39,810 p=1859855 u=vagrant n=ansible | ok: [worker2] => {
    "msg": "worker2"
}
2023-04-27 10:32:39,877 p=1859855 u=vagrant n=ansible | ok: [worker3] => {
    "msg": "worker3"
}
2023-04-27 10:32:39,985 p=1859855 u=vagrant n=ansible | TASK [Add new line] *************************************************************************************************
2023-04-27 10:32:45,179 p=1859855 u=vagrant n=ansible | changed: [worker3]
2023-04-27 10:32:45,475 p=1859855 u=vagrant n=ansible | ok: [worker1]
2023-04-27 10:32:45,497 p=1859855 u=vagrant n=ansible | ok: [worker2]
2023-04-27 10:32:46,057 p=1859855 u=vagrant n=ansible | RUNNING HANDLER [print haha] ****************************************************************************************
2023-04-27 10:32:46,508 p=1859855 u=vagrant n=ansible | ok: [worker3] => {
    "msg": " haha is append in worker3"
}
2023-04-27 10:32:46,575 p=1859855 u=vagrant n=ansible | PLAY RECAP **********************************************************************************************************
2023-04-27 10:32:46,575 p=1859855 u=vagrant n=ansible | worker1                    : ok=3    changed=0    unreachable=0    failed=0    skipped=0    rescued=0    ignored=0   
2023-04-27 10:32:46,576 p=1859855 u=vagrant n=ansible | worker2                    : ok=3    changed=0    unreachable=0    failed=0    skipped=0    rescued=0    ignored=0   
2023-04-27 10:32:46,576 p=1859855 u=vagrant n=ansible | worker3                    : ok=4    changed=1    unreachable=0    failed=0    skipped=0    rescued=0    ignored=0   
2023-04-27 10:32:51,632 p=1860258 u=vagrant n=ansible | [WARNING]: Could not match supplied host pattern, ignoring: worker

2023-04-27 10:32:51,634 p=1860258 u=vagrant n=ansible | playbook: demo.yaml
2023-04-28 01:35:38,013 p=1929436 u=vagrant n=ansible | [WARNING]: Could not match supplied host pattern, ignoring: worker

2023-04-28 01:35:38,022 p=1929436 u=vagrant n=ansible | playbook: demo.yaml
2023-04-28 02:37:14,252 p=1938986 u=vagrant n=ansible | [WARNING]: Could not match supplied host pattern, ignoring: worker

2023-04-28 02:37:14,257 p=1938986 u=vagrant n=ansible | playbook: demo.yaml
2023-04-28 02:37:32,409 p=1939162 u=vagrant n=ansible | [WARNING]: Could not match supplied host pattern, ignoring: worker

2023-04-28 02:37:32,411 p=1939162 u=vagrant n=ansible | playbook: demo.yaml
2023-04-28 02:37:36,532 p=1939199 u=vagrant n=ansible | [WARNING]: Could not match supplied host pattern, ignoring: worker

2023-04-28 02:37:36,535 p=1939199 u=vagrant n=ansible | playbook: demo.yaml
2023-04-28 02:41:26,958 p=1940023 u=vagrant n=ansible | PLAY [Test] ***************************************************************************************************************
2023-04-28 02:41:27,119 p=1940023 u=vagrant n=ansible | TASK [include_tasks] ******************************************************************************************************
2023-04-28 02:41:27,463 p=1940023 u=vagrant n=ansible | included: /home/vagrant/learn/ansible/demo-task.yaml for worker1, worker2, worker3 => (item=demo-task.yaml)
2023-04-28 02:41:27,495 p=1940023 u=vagrant n=ansible | TASK [Test] ***************************************************************************************************************
2023-04-28 02:41:27,836 p=1940023 u=vagrant n=ansible | ok: [worker1] => {
    "msg": "worker1"
}
2023-04-28 02:41:27,881 p=1940023 u=vagrant n=ansible | ok: [worker2] => {
    "msg": "worker2"
}
2023-04-28 02:41:27,884 p=1940023 u=vagrant n=ansible | ok: [worker3] => {
    "msg": "worker3"
}
2023-04-28 02:41:27,905 p=1940023 u=vagrant n=ansible | TASK [Add new line] *******************************************************************************************************
2023-04-28 02:41:30,154 p=1940023 u=vagrant n=ansible | ok: [worker2]
2023-04-28 02:41:30,350 p=1940023 u=vagrant n=ansible | ok: [worker3]
2023-04-28 02:41:30,365 p=1940023 u=vagrant n=ansible | ok: [worker1]
2023-04-28 02:41:30,634 p=1940023 u=vagrant n=ansible | PLAY RECAP ****************************************************************************************************************
2023-04-28 02:41:30,636 p=1940023 u=vagrant n=ansible | worker1                    : ok=3    changed=0    unreachable=0    failed=0    skipped=0    rescued=0    ignored=0   
2023-04-28 02:41:30,639 p=1940023 u=vagrant n=ansible | worker2                    : ok=3    changed=0    unreachable=0    failed=0    skipped=0    rescued=0    ignored=0   
2023-04-28 02:41:30,658 p=1940023 u=vagrant n=ansible | worker3                    : ok=3    changed=0    unreachable=0    failed=0    skipped=0    rescued=0    ignored=0   
2023-04-28 02:41:48,694 p=1940340 u=vagrant n=ansible | PLAY [Test] ***************************************************************************************************************
2023-04-28 02:41:48,896 p=1940340 u=vagrant n=ansible | TASK [include_tasks] ******************************************************************************************************
2023-04-28 02:41:49,253 p=1940340 u=vagrant n=ansible | included: /home/vagrant/learn/ansible/demo-task.yaml for worker1, worker3, worker2 => (item=demo-task.yaml)
2023-04-28 02:41:49,292 p=1940340 u=vagrant n=ansible | TASK [Test] ***************************************************************************************************************
2023-04-28 02:41:49,617 p=1940340 u=vagrant n=ansible | ok: [worker1] => {
    "msg": "worker1"
}
2023-04-28 02:41:49,734 p=1940340 u=vagrant n=ansible | ok: [worker2] => {
    "msg": "worker2"
}
2023-04-28 02:41:49,833 p=1940340 u=vagrant n=ansible | ok: [worker3] => {
    "msg": "worker3"
}
2023-04-28 02:41:49,861 p=1940340 u=vagrant n=ansible | TASK [Add new line] *******************************************************************************************************
2023-04-28 02:41:52,797 p=1940340 u=vagrant n=ansible | ERROR! The requested handler 'print haha' was not found in either the main handlers list nor in the listening handlers list
2023-04-28 02:42:25,115 p=1940994 u=vagrant n=ansible | PLAY [Test] ***************************************************************************************************************
2023-04-28 02:42:26,003 p=1940994 u=vagrant n=ansible | TASK [include_tasks] ******************************************************************************************************
2023-04-28 02:42:27,601 p=1940994 u=vagrant n=ansible | included: /home/vagrant/learn/ansible/demo-task.yaml for worker1, worker2, worker3 => (item=demo-task.yaml)
2023-04-28 02:42:27,818 p=1940994 u=vagrant n=ansible | TASK [Test] ***************************************************************************************************************
2023-04-28 02:42:28,846 p=1940994 u=vagrant n=ansible | ok: [worker1] => {
    "msg": "worker1"
}
2023-04-28 02:42:28,940 p=1940994 u=vagrant n=ansible | ok: [worker2] => {
    "msg": "worker2"
}
2023-04-28 02:42:29,187 p=1940994 u=vagrant n=ansible | ok: [worker3] => {
    "msg": "worker3"
}
2023-04-28 02:42:29,253 p=1940994 u=vagrant n=ansible | TASK [Add new line] *******************************************************************************************************
2023-04-28 02:42:32,880 p=1941095 u=vagrant n=ansible | [WARNING]: Could not match supplied host pattern, ignoring: worker

2023-04-28 02:42:32,939 p=1941095 u=vagrant n=ansible | playbook: demo.yaml
2023-04-28 02:42:36,875 p=1940994 u=vagrant n=ansible | ok: [worker3]
2023-04-28 02:42:37,488 p=1940994 u=vagrant n=ansible | ok: [worker2]
2023-04-28 02:42:37,552 p=1940994 u=vagrant n=ansible | ok: [worker1]
2023-04-28 02:42:38,692 p=1940994 u=vagrant n=ansible | PLAY RECAP ****************************************************************************************************************
2023-04-28 02:42:38,692 p=1940994 u=vagrant n=ansible | worker1                    : ok=3    changed=0    unreachable=0    failed=0    skipped=0    rescued=0    ignored=0   
2023-04-28 02:42:38,693 p=1940994 u=vagrant n=ansible | worker2                    : ok=3    changed=0    unreachable=0    failed=0    skipped=0    rescued=0    ignored=0   
2023-04-28 02:42:38,693 p=1940994 u=vagrant n=ansible | worker3                    : ok=3    changed=0    unreachable=0    failed=0    skipped=0    rescued=0    ignored=0   
2023-04-28 02:42:41,222 p=1941208 u=vagrant n=ansible | [WARNING]: Could not match supplied host pattern, ignoring: worker

2023-04-28 02:42:41,224 p=1941208 u=vagrant n=ansible | playbook: demo.yaml
2023-04-28 02:42:46,632 p=1941415 u=vagrant n=ansible | [WARNING]: Could not match supplied host pattern, ignoring: worker

2023-04-28 02:42:46,635 p=1941415 u=vagrant n=ansible | playbook: demo.yaml
2023-04-28 02:42:50,214 p=1941435 u=vagrant n=ansible | PLAY [Test] ***************************************************************************************************************
2023-04-28 02:42:50,427 p=1941435 u=vagrant n=ansible | TASK [include_tasks] ******************************************************************************************************
2023-04-28 02:42:51,360 p=1941435 u=vagrant n=ansible | included: /home/vagrant/learn/ansible/demo-task.yaml for worker1, worker2, worker3 => (item=demo-task.yaml)
2023-04-28 02:42:51,402 p=1941435 u=vagrant n=ansible | TASK [Test] ***************************************************************************************************************
2023-04-28 02:42:51,938 p=1941435 u=vagrant n=ansible | ok: [worker1] => {
    "msg": "worker1"
}
2023-04-28 02:42:52,003 p=1941435 u=vagrant n=ansible | ok: [worker2] => {
    "msg": "worker2"
}
2023-04-28 02:42:52,321 p=1941435 u=vagrant n=ansible | ok: [worker3] => {
    "msg": "worker3"
}
2023-04-28 02:42:52,418 p=1941435 u=vagrant n=ansible | TASK [Add new line] *******************************************************************************************************
2023-04-28 02:42:55,825 p=1941435 u=vagrant n=ansible | changed: [worker2]
2023-04-28 02:42:55,869 p=1941435 u=vagrant n=ansible | ok: [worker3]
2023-04-28 02:42:56,024 p=1941435 u=vagrant n=ansible | ok: [worker1]
2023-04-28 02:42:56,282 p=1941435 u=vagrant n=ansible | RUNNING HANDLER [Print haha] **********************************************************************************************
2023-04-28 02:42:56,489 p=1941435 u=vagrant n=ansible | ok: [worker2] => {
    "msg": "haha is append in worker2"
}
2023-04-28 02:42:56,618 p=1941435 u=vagrant n=ansible | PLAY RECAP ****************************************************************************************************************
2023-04-28 02:42:56,622 p=1941435 u=vagrant n=ansible | worker1                    : ok=3    changed=0    unreachable=0    failed=0    skipped=0    rescued=0    ignored=0   
2023-04-28 02:42:56,623 p=1941435 u=vagrant n=ansible | worker2                    : ok=4    changed=1    unreachable=0    failed=0    skipped=0    rescued=0    ignored=0   
2023-04-28 02:42:56,627 p=1941435 u=vagrant n=ansible | worker3                    : ok=3    changed=0    unreachable=0    failed=0    skipped=0    rescued=0    ignored=0   
2023-04-28 02:46:03,043 p=1942760 u=vagrant n=ansible | ERROR! no module/action detected in task.

The error appears to be in '/home/vagrant/learn/ansible/demo.yaml': line 15, column 7, but may
be elsewhere in the file depending on the exact syntax problem.

The offending line appears to be:

      notify: Print haha
    - name: Print
      ^ here

2023-04-28 02:46:08,891 p=1942788 u=vagrant n=ansible | ERROR! no module/action detected in task.

The error appears to be in '/home/vagrant/learn/ansible/demo.yaml': line 15, column 7, but may
be elsewhere in the file depending on the exact syntax problem.

The offending line appears to be:

      notify: Print haha
    - name: Print
      ^ here

2023-04-28 02:46:15,701 p=1942878 u=vagrant n=ansible | ERROR! no module/action detected in task.

The error appears to be in '/home/vagrant/learn/ansible/demo.yaml': line 15, column 7, but may
be elsewhere in the file depending on the exact syntax problem.

The offending line appears to be:

      notify: Print haha
    - name: Print
      ^ here

2023-04-28 02:46:18,388 p=1942948 u=vagrant n=ansible | ERROR! no module/action detected in task.

The error appears to be in '/home/vagrant/learn/ansible/demo.yaml': line 15, column 7, but may
be elsewhere in the file depending on the exact syntax problem.

The offending line appears to be:

      notify: Print haha
    - name: Print
      ^ here

2023-04-28 02:46:21,077 p=1942975 u=vagrant n=ansible | ERROR! no module/action detected in task.

The error appears to be in '/home/vagrant/learn/ansible/demo.yaml': line 15, column 7, but may
be elsewhere in the file depending on the exact syntax problem.

The offending line appears to be:

      notify: Print haha
    - name: Print
      ^ here

2023-04-28 02:46:27,126 p=1943033 u=vagrant n=ansible | ERROR! no module/action detected in task.

The error appears to be in '/home/vagrant/learn/ansible/demo.yaml': line 15, column 7, but may
be elsewhere in the file depending on the exact syntax problem.

The offending line appears to be:

      notify: Print haha
    - name: Print
      ^ here

2023-04-28 02:46:28,633 p=1943043 u=vagrant n=ansible | ERROR! no module/action detected in task.

The error appears to be in '/home/vagrant/learn/ansible/demo.yaml': line 15, column 7, but may
be elsewhere in the file depending on the exact syntax problem.

The offending line appears to be:

      notify: Print haha
    - name: Print
      ^ here

2023-04-28 02:47:28,793 p=1943562 u=vagrant n=ansible | ERROR! no module/action detected in task.

The error appears to be in '/home/vagrant/learn/ansible/demo.yaml': line 17, column 7, but may
be elsewhere in the file depending on the exact syntax problem.

The offending line appears to be:

      notify: Print haha
    - name: Print
      ^ here

2023-04-28 02:47:38,899 p=1943717 u=vagrant n=ansible | ERROR! no module/action detected in task.

The error appears to be in '/home/vagrant/learn/ansible/demo.yaml': line 17, column 7, but may
be elsewhere in the file depending on the exact syntax problem.

The offending line appears to be:

      notify: Print haha
    - name: Print
      ^ here

2023-04-28 02:48:06,277 p=1944110 u=vagrant n=ansible | ERROR! no module/action detected in task.

The error appears to be in '/home/vagrant/learn/ansible/demo.yaml': line 17, column 7, but may
be elsewhere in the file depending on the exact syntax problem.

The offending line appears to be:

      notify: Print haha
    - name: Print
      ^ here

2023-04-28 02:48:12,012 p=1944220 u=vagrant n=ansible | ERROR! no module/action detected in task.

The error appears to be in '/home/vagrant/learn/ansible/demo.yaml': line 17, column 7, but may
be elsewhere in the file depending on the exact syntax problem.

The offending line appears to be:

      notify: Print changed
    - name: Print
      ^ here

2023-04-28 02:48:15,187 p=1944231 u=vagrant n=ansible | ERROR! no module/action detected in task.

The error appears to be in '/home/vagrant/learn/ansible/demo.yaml': line 17, column 7, but may
be elsewhere in the file depending on the exact syntax problem.

The offending line appears to be:

      notify: Print changed
    - name: Print he
      ^ here

2023-04-28 02:48:24,875 p=1944398 u=vagrant n=ansible | ERROR! no module/action detected in task.

The error appears to be in '/home/vagrant/learn/ansible/demo.yaml': line 17, column 7, but may
be elsewhere in the file depending on the exact syntax problem.

The offending line appears to be:

      notify: Print changed
    - name: Print hello world
      ^ here

2023-04-28 02:49:21,410 p=1944973 u=vagrant n=ansible | [WARNING]: Could not match supplied host pattern, ignoring: worker

2023-04-28 02:49:21,436 p=1944973 u=vagrant n=ansible | playbook: demo.yaml
2023-04-28 02:49:26,973 p=1945192 u=vagrant n=ansible | [WARNING]: Could not match supplied host pattern, ignoring: worker

2023-04-28 02:49:27,015 p=1945192 u=vagrant n=ansible | playbook: demo.yaml
2023-04-28 02:49:29,164 p=1945224 u=vagrant n=ansible | [WARNING]: Could not match supplied host pattern, ignoring: worker

2023-04-28 02:49:29,204 p=1945224 u=vagrant n=ansible | playbook: demo.yaml
2023-04-28 02:49:33,990 p=1945323 u=vagrant n=ansible | [WARNING]: Could not match supplied host pattern, ignoring: worker

2023-04-28 02:49:33,994 p=1945323 u=vagrant n=ansible | playbook: demo.yaml
2023-04-28 02:49:35,181 p=1945241 u=vagrant n=ansible | PLAY [Test] ***************************************************************************************************************
2023-04-28 02:49:37,304 p=1945241 u=vagrant n=ansible | TASK [include_tasks] ******************************************************************************************************
2023-04-28 02:49:37,795 p=1945373 u=vagrant n=ansible | [WARNING]: Could not match supplied host pattern, ignoring: worker

2023-04-28 02:49:37,797 p=1945373 u=vagrant n=ansible | playbook: demo.yaml
2023-04-28 02:49:40,139 p=1945241 u=vagrant n=ansible | included: /home/vagrant/learn/ansible/demo-task.yaml for worker1, worker2, worker3 => (item=demo-task.yaml)
2023-04-28 02:49:40,612 p=1945241 u=vagrant n=ansible | TASK [Test] ***************************************************************************************************************
2023-04-28 02:49:41,808 p=1945241 u=vagrant n=ansible | ok: [worker1] => {
    "msg": "worker1"
}
2023-04-28 02:49:42,312 p=1945241 u=vagrant n=ansible | ok: [worker2] => {
    "msg": "worker2"
}
2023-04-28 02:49:42,660 p=1945241 u=vagrant n=ansible | ok: [worker3] => {
    "msg": "worker3"
}
2023-04-28 02:49:42,990 p=1945241 u=vagrant n=ansible | TASK [Add new line] *******************************************************************************************************
2023-04-28 02:49:43,629 p=1945411 u=vagrant n=ansible | [WARNING]: Could not match supplied host pattern, ignoring: worker

2023-04-28 02:49:43,631 p=1945411 u=vagrant n=ansible | playbook: demo.yaml
2023-04-28 02:49:51,423 p=1945443 u=vagrant n=ansible | [WARNING]: Could not match supplied host pattern, ignoring: worker

2023-04-28 02:49:51,483 p=1945443 u=vagrant n=ansible | playbook: demo.yaml
2023-04-28 02:49:53,762 p=1945468 u=vagrant n=ansible | [WARNING]: Could not match supplied host pattern, ignoring: worker

2023-04-28 02:49:53,840 p=1945468 u=vagrant n=ansible | playbook: demo.yaml
2023-04-28 02:49:56,513 p=1945488 u=vagrant n=ansible | [WARNING]: Could not match supplied host pattern, ignoring: worker

2023-04-28 02:49:56,544 p=1945488 u=vagrant n=ansible | playbook: demo.yaml
2023-04-28 02:50:00,601 p=1945241 u=vagrant n=ansible | changed: [worker3]
2023-04-28 02:50:01,415 p=1945241 u=vagrant n=ansible | ok: [worker1]
2023-04-28 02:50:01,614 p=1945241 u=vagrant n=ansible | ok: [worker2]
2023-04-28 02:50:01,804 p=1945507 u=vagrant n=ansible | [WARNING]: Could not match supplied host pattern, ignoring: worker

2023-04-28 02:50:01,806 p=1945507 u=vagrant n=ansible | playbook: demo.yaml
2023-04-28 02:50:01,850 p=1945241 u=vagrant n=ansible | TASK [Print hello world] **************************************************************************************************
2023-04-28 02:50:02,602 p=1945241 u=vagrant n=ansible | ok: [worker1] => {
    "msg": "hello world"
}
2023-04-28 02:50:02,854 p=1945241 u=vagrant n=ansible | ok: [worker2] => {
    "msg": "hello world"
}
2023-04-28 02:50:03,165 p=1945241 u=vagrant n=ansible | ok: [worker3] => {
    "msg": "hello world"
}
2023-04-28 02:50:03,395 p=1945536 u=vagrant n=ansible | [WARNING]: Could not match supplied host pattern, ignoring: worker

2023-04-28 02:50:03,430 p=1945536 u=vagrant n=ansible | playbook: demo.yaml
2023-04-28 02:50:04,799 p=1945241 u=vagrant n=ansible | RUNNING HANDLER [Print changed] *******************************************************************************************
2023-04-28 02:50:05,411 p=1945241 u=vagrant n=ansible | ok: [worker3] => {
    "msg": "1.txt has been changed"
}
2023-04-28 02:50:05,872 p=1945241 u=vagrant n=ansible | PLAY RECAP ****************************************************************************************************************
2023-04-28 02:50:05,876 p=1945241 u=vagrant n=ansible | worker1                    : ok=4    changed=0    unreachable=0    failed=0    skipped=0    rescued=0    ignored=0   
2023-04-28 02:50:05,879 p=1945241 u=vagrant n=ansible | worker2                    : ok=4    changed=0    unreachable=0    failed=0    skipped=0    rescued=0    ignored=0   
2023-04-28 02:50:05,892 p=1945241 u=vagrant n=ansible | worker3                    : ok=5    changed=1    unreachable=0    failed=0    skipped=0    rescued=0    ignored=0   
2023-04-28 02:50:20,218 p=1945820 u=vagrant n=ansible | [WARNING]: Could not match supplied host pattern, ignoring: worker

2023-04-28 02:50:20,229 p=1945820 u=vagrant n=ansible | playbook: demo.yaml
2023-04-28 02:50:25,255 p=1945880 u=vagrant n=ansible | [WARNING]: Could not match supplied host pattern, ignoring: worker

2023-04-28 02:50:25,306 p=1945880 u=vagrant n=ansible | playbook: demo.yaml
2023-04-28 02:50:27,929 p=1945904 u=vagrant n=ansible | [WARNING]: Could not match supplied host pattern, ignoring: worker

2023-04-28 02:50:27,940 p=1945904 u=vagrant n=ansible | playbook: demo.yaml
2023-04-28 02:50:31,720 p=1945951 u=vagrant n=ansible | [WARNING]: Could not match supplied host pattern, ignoring: worker

2023-04-28 02:50:31,728 p=1945951 u=vagrant n=ansible | playbook: demo.yaml
2023-04-28 02:50:37,763 p=1945995 u=vagrant n=ansible | [WARNING]: Could not match supplied host pattern, ignoring: worker

2023-04-28 02:50:37,780 p=1945995 u=vagrant n=ansible | playbook: demo.yaml
2023-04-28 02:50:42,579 p=1946043 u=vagrant n=ansible | [WARNING]: Could not match supplied host pattern, ignoring: worker

2023-04-28 02:50:42,581 p=1946043 u=vagrant n=ansible | playbook: demo.yaml
2023-04-28 02:50:43,542 p=1946063 u=vagrant n=ansible | [WARNING]: Could not match supplied host pattern, ignoring: worker

2023-04-28 02:50:43,545 p=1946063 u=vagrant n=ansible | playbook: demo.yaml
2023-04-28 02:50:43,905 p=1946057 u=vagrant n=ansible | [WARNING]: Could not match supplied host pattern, ignoring: worker

2023-04-28 02:50:43,915 p=1946057 u=vagrant n=ansible | playbook: demo.yaml
2023-04-28 02:50:44,095 p=1946069 u=vagrant n=ansible | [WARNING]: Could not match supplied host pattern, ignoring: worker

2023-04-28 02:50:44,109 p=1946069 u=vagrant n=ansible | playbook: demo.yaml
2023-04-28 02:50:45,622 p=1946077 u=vagrant n=ansible | [WARNING]: Could not match supplied host pattern, ignoring: worker

2023-04-28 02:50:45,625 p=1946077 u=vagrant n=ansible | playbook: demo.yaml
2023-04-28 05:05:54,496 p=1969863 u=vagrant n=ansible | [WARNING]: Could not match supplied host pattern, ignoring: worker

2023-04-28 05:05:54,500 p=1969863 u=vagrant n=ansible | playbook: demo.yaml
2023-04-28 06:13:04,365 p=1980383 u=vagrant n=ansible | - Role mysql was created successfully
